Build started 4/4/2025 7:51:46 PM.
     1>Project "D:\SDLGame\2DGame\2DGame\2DGame.vcxproj" on node 2 (Build target(s)).
     1>ClCompile:
         C:\Program Files (x86)\Microsoft Visual Studio 11.0\VC\bin\CL.exe /c /I"SDK Path\Include" /ZI /nologo /W3 /WX- /sdl /Od /Oy- /D WIN32 /D _DEBUG /D _CONSOLE /D _UNICODE /D UNICODE /Gm /EHsc /RTC1 /MDd /GS /fp:precise /Zc:wchar_t /Zc:forScope /Fo"Debug\\" /Fd"Debug\vc110.pdb" /Gd /TP /analyze- /errorReport:prompt Main.cpp
         Main.cpp
     1>d:\sdlgame\2dgame\2dgame\basefunc.h(43): warning C4091: 'typedef ' : ignored on left of 'Input' when no variable is declared
     1>d:\sdlgame\2dgame\2dgame\basefunc.h(55): warning C4091: 'typedef ' : ignored on left of 'Map' when no variable is declared
     1>d:\sdlgame\2dgame\2dgame\bossobject.h(12): warning C4005: 'PLAYER_SPEED' : macro redefinition
                 d:\sdlgame\2dgame\2dgame\mainobject.h(14) : see previous definition of 'PLAYER_SPEED'
     1>d:\sdlgame\2dgame\2dgame\bossobject.h(22): warning C4244: '=' : conversion from 'int' to 'float', possible loss of data
     1>d:\sdlgame\2dgame\2dgame\bossobject.h(23): warning C4244: '=' : conversion from 'int' to 'float', possible loss of data
     1>d:\sdlgame\2dgame\2dgame\main.cpp(98): warning C4244: 'argument' : conversion from 'int' to 'const float', possible loss of data
     1>d:\sdlgame\2dgame\2dgame\main.cpp(101): warning C4244: 'initializing' : conversion from 'float' to 'int', possible loss of data
     1>d:\sdlgame\2dgame\2dgame\main.cpp(102): warning C4244: 'initializing' : conversion from 'float' to 'int', possible loss of data
     1>d:\sdlgame\2dgame\2dgame\main.cpp(118): warning C4244: 'argument' : conversion from 'int' to 'const float', possible loss of data
     1>d:\sdlgame\2dgame\2dgame\main.cpp(155): warning C4244: 'argument' : conversion from 'double' to 'const int', possible loss of data
     1>d:\sdlgame\2dgame\2dgame\main.cpp(163): warning C4244: 'initializing' : conversion from 'double' to 'int', possible loss of data
     1>d:\sdlgame\2dgame\2dgame\main.cpp(222): warning C4018: '<' : signed/unsigned mismatch
     1>d:\sdlgame\2dgame\2dgame\main.cpp(236): warning C4018: '<' : signed/unsigned mismatch
     1>d:\sdlgame\2dgame\2dgame\main.cpp(259): warning C4244: 'initializing' : conversion from 'double' to 'int', possible loss of data
     1>d:\sdlgame\2dgame\2dgame\main.cpp(260): warning C4244: 'initializing' : conversion from 'double' to 'int', possible loss of data
     1>d:\sdlgame\2dgame\2dgame\main.cpp(296): warning C4018: '<' : signed/unsigned mismatch
     1>d:\sdlgame\2dgame\2dgame\main.cpp(301): warning C4018: '<' : signed/unsigned mismatch
     1>d:\sdlgame\2dgame\2dgame\main.cpp(321): warning C4244: 'initializing' : conversion from 'double' to 'int', possible loss of data
     1>d:\sdlgame\2dgame\2dgame\main.cpp(322): warning C4244: 'initializing' : conversion from 'double' to 'int', possible loss of data
     1>d:\sdlgame\2dgame\2dgame\main.cpp(366): warning C4244: 'argument' : conversion from 'double' to 'int', possible loss of data
     1>d:\sdlgame\2dgame\2dgame\main.cpp(373): warning C4244: 'argument' : conversion from 'double' to 'int', possible loss of data
     1>d:\sdlgame\2dgame\2dgame\main.cpp(398): warning C4018: '<' : signed/unsigned mismatch
       Link:
         C:\Program Files (x86)\Microsoft Visual Studio 11.0\VC\bin\link.exe /ERRORREPORT:PROMPT /OUT:"D:\SDLGame\2DGame\Debug\2DGame.exe" /INCREMENTAL /NOLOGO /LIBPATH:"SDK Path\Lib" SDL2.lib SDL2main.lib SDL2_image.lib SDL2_mixer.lib SDL2_ttf.lib kernel32.lib user32.lib gdi32.lib winspool.lib comdlg32.lib advapi32.lib shell32.lib ole32.lib oleaut32.lib uuid.lib odbc32.lib odbccp32.lib /MANIFEST /MANIFESTUAC:"level='asInvoker' uiAccess='false'" /manifest:embed /DEBUG /PDB:"D:\SDLGame\2DGame\Debug\2DGame.pdb" /SUBSYSTEM:CONSOLE /TLBID:1 /DYNAMICBASE /NXCOMPAT /IMPLIB:"D:\SDLGame\2DGame\Debug\2DGame.lib" /MACHINE:X86 Debug\BaseFunc.obj
         Debug\BaseObject.obj
         Debug\BossObject.obj
         Debug\BulletObject.obj
         Debug\ExplosionObject.obj
         Debug\Game_Map.obj
         Debug\Main.obj
         Debug\MainObject.obj
         Debug\PlayerPower.obj
         Debug\stdafx.obj
         Debug\TextObject.obj
         Debug\ThreatsObject.obj
         Debug\Timer.obj
         2DGame.vcxproj -> D:\SDLGame\2DGame\Debug\2DGame.exe
     1>Done Building Project "D:\SDLGame\2DGame\2DGame\2DGame.vcxproj" (Build target(s)).

Build succeeded.

Time Elapsed 00:00:02.36
